{"level":50,"time":1746435851892,"pid":12128,"hostname":"MyBookHypeAMD","msg":"GET by ID / error: "}
{"level":50,"time":1746435904782,"pid":12128,"hostname":"MyBookHypeAMD","msg":"GET by ID / error: "}
{"level":50,"time":1746435991925,"pid":25708,"hostname":"MyBookHypeAMD","msg":"GET by ID / error: "}
{"level":50,"time":1746436092350,"pid":13904,"hostname":"MyBookHypeAMD","msg":"GET by ID / error: Error"}
{"level":50,"time":1746436126610,"pid":22276,"hostname":"MyBookHypeAMD","msg":"GET by ID / error: "}
{"level":50,"time":1746437037250,"pid":6440,"hostname":"MyBookHypeAMD","msg":"GET /:id error: Get blog by ID unsuccessfully`)"}
{"level":50,"time":1749018708825,"pid":4388,"hostname":"KusumaEuphoria","msg":"POST / error: createDemo is not defined"}
{"level":50,"time":1758873644008,"pid":28544,"hostname":"LAPTOP-9LTRFM6V","msg":"POST / login error: Password does not match"}
{"level":50,"time":1758873645535,"pid":28544,"hostname":"LAPTOP-9LTRFM6V","msg":"POST / login error: Password does not match"}
{"level":50,"time":1758873645732,"pid":28544,"hostname":"LAPTOP-9LTRFM6V","msg":"POST / login error: Password does not match"}
{"level":50,"time":1758873648518,"pid":28544,"hostname":"LAPTOP-9LTRFM6V","msg":"POST / login error: Password does not match"}
{"level":50,"time":1758873649703,"pid":28544,"hostname":"LAPTOP-9LTRFM6V","msg":"POST / login error: Password does not match"}
{"level":50,"time":1758873649876,"pid":28544,"hostname":"LAPTOP-9LTRFM6V","msg":"POST / login error: Password does not match"}
{"level":50,"time":1758873650060,"pid":28544,"hostname":"LAPTOP-9LTRFM6V","msg":"POST / login error: Password does not match"}
{"level":50,"time":1758874694938,"pid":4916,"hostname":"LAPTOP-9LTRFM6V","msg":"POST / error: Insert blog unsuccessfully"}
{"level":50,"time":1758874704606,"pid":4916,"hostname":"LAPTOP-9LTRFM6V","msg":"POST / error: Insert blog unsuccessfully"}
{"level":50,"time":1758874879800,"pid":35004,"hostname":"LAPTOP-9LTRFM6V","msg":"POST / error: Insert blog unsuccessfully"}
{"level":50,"time":1758874885679,"pid":35004,"hostname":"LAPTOP-9LTRFM6V","msg":"GET / refresh-token error: 401"}
{"level":50,"time":1758874885684,"pid":35004,"hostname":"LAPTOP-9LTRFM6V","msg":"GET / refresh-token error: 401"}
{"level":50,"time":1758874937968,"pid":25684,"hostname":"LAPTOP-9LTRFM6V","msg":"GET / refresh-token error: 401"}
{"level":50,"time":1758874938169,"pid":25684,"hostname":"LAPTOP-9LTRFM6V","msg":"GET / refresh-token error: 401"}
{"level":50,"time":1758874938175,"pid":25684,"hostname":"LAPTOP-9LTRFM6V","msg":"GET / refresh-token error: 401"}
{"level":50,"time":1758874943444,"pid":25684,"hostname":"LAPTOP-9LTRFM6V","msg":"GET / refresh-token error: 401"}
{"level":50,"time":1758874943448,"pid":25684,"hostname":"LAPTOP-9LTRFM6V","msg":"GET / refresh-token error: 401"}
{"level":50,"time":1758874943452,"pid":25684,"hostname":"LAPTOP-9LTRFM6V","msg":"GET / refresh-token error: 401"}
{"level":50,"time":1758874943456,"pid":25684,"hostname":"LAPTOP-9LTRFM6V","msg":"GET / refresh-token error: 401"}
{"level":50,"time":1758877181013,"pid":25684,"hostname":"LAPTOP-9LTRFM6V","msg":"POST / error: Insert blog unsuccessfully"}
{"level":50,"time":1758877195853,"pid":25684,"hostname":"LAPTOP-9LTRFM6V","msg":"POST / error: Insert blog unsuccessfully"}
{"level":50,"time":1758877197408,"pid":25684,"hostname":"LAPTOP-9LTRFM6V","msg":"POST / error: Insert blog unsuccessfully"}
{"level":50,"time":1758877198822,"pid":25684,"hostname":"LAPTOP-9LTRFM6V","msg":"POST / error: Insert blog unsuccessfully"}
{"level":50,"time":1758877638842,"pid":31168,"hostname":"LAPTOP-9LTRFM6V","msg":"POST / error: Insert blog unsuccessfully"}
{"level":50,"time":1758877673842,"pid":31168,"hostname":"LAPTOP-9LTRFM6V","msg":"POST / error: Insert blog unsuccessfully"}
{"level":50,"time":1758877780434,"pid":31168,"hostname":"LAPTOP-9LTRFM6V","msg":"POST / error: Insert blog unsuccessfully"}
{"level":50,"time":1758877782442,"pid":31168,"hostname":"LAPTOP-9LTRFM6V","msg":"POST / error: Insert blog unsuccessfully"}
{"level":50,"time":1758877806176,"pid":31168,"hostname":"LAPTOP-9LTRFM6V","msg":"POST / error: Insert blog unsuccessfully"}
{"level":50,"time":1758878043648,"pid":26416,"hostname":"LAPTOP-9LTRFM6V","msg":"POST / error: Insert blog unsuccessfully"}
{"level":50,"time":1758878097503,"pid":26416,"hostname":"LAPTOP-9LTRFM6V","msg":"POST / error: Title already exists"}
{"level":50,"time":1758878357595,"pid":26416,"hostname":"LAPTOP-9LTRFM6V","msg":"POST / error: Insert blog unsuccessfully"}
{"level":50,"time":1758878358797,"pid":26416,"hostname":"LAPTOP-9LTRFM6V","msg":"POST / error: Insert blog unsuccessfully"}
{"level":50,"time":1758878359712,"pid":26416,"hostname":"LAPTOP-9LTRFM6V","msg":"POST / error: Insert blog unsuccessfully"}
{"level":50,"time":1758878360792,"pid":26416,"hostname":"LAPTOP-9LTRFM6V","msg":"POST / error: Insert blog unsuccessfully"}
{"level":50,"time":1758878384759,"pid":26416,"hostname":"LAPTOP-9LTRFM6V","msg":"POST / error: Insert blog unsuccessfully"}
{"level":50,"time":1758878385908,"pid":26416,"hostname":"LAPTOP-9LTRFM6V","msg":"POST / error: Insert blog unsuccessfully"}
{"level":50,"time":1758878386920,"pid":26416,"hostname":"LAPTOP-9LTRFM6V","msg":"POST / error: Insert blog unsuccessfully"}
{"level":50,"time":1758878442398,"pid":32360,"hostname":"LAPTOP-9LTRFM6V","msg":"POST / error: Insert blog unsuccessfully"}
{"level":50,"time":1758878622091,"pid":36604,"hostname":"LAPTOP-9LTRFM6V","msg":"POST / error: Insert blog unsuccessfully"}
{"level":50,"time":1758878650061,"pid":35904,"hostname":"LAPTOP-9LTRFM6V","msg":"POST / error: Insert blog unsuccessfully"}
{"level":50,"time":1758878652843,"pid":35904,"hostname":"LAPTOP-9LTRFM6V","msg":"POST / error: Insert blog unsuccessfully"}
{"level":50,"time":1758878664695,"pid":32324,"hostname":"LAPTOP-9LTRFM6V","msg":"POST / error: Insert blog unsuccessfully"}
{"level":50,"time":1758878715678,"pid":32324,"hostname":"LAPTOP-9LTRFM6V","msg":"POST / error: Insert blog unsuccessfully"}
{"level":50,"time":1758878736047,"pid":32324,"hostname":"LAPTOP-9LTRFM6V","msg":"POST / error: Insert blog unsuccessfully"}
{"level":50,"time":1758878737227,"pid":32324,"hostname":"LAPTOP-9LTRFM6V","msg":"POST / error: Insert blog unsuccessfully"}
{"level":50,"time":1758878768981,"pid":32356,"hostname":"LAPTOP-9LTRFM6V","msg":"POST / error: Insert blog unsuccessfully"}
{"level":50,"time":1758878783423,"pid":28380,"hostname":"LAPTOP-9LTRFM6V","msg":"POST / error: Insert blog unsuccessfully"}
{"level":50,"time":1758878794968,"pid":35528,"hostname":"LAPTOP-9LTRFM6V","msg":"POST / error: Insert blog unsuccessfully"}
{"level":50,"time":1758878825842,"pid":13520,"hostname":"LAPTOP-9LTRFM6V","msg":"POST / error: Insert blog unsuccessfully"}
{"level":50,"time":1758879132561,"pid":35140,"hostname":"LAPTOP-9LTRFM6V","msg":"POST / error: Insert blog unsuccessfully"}
{"level":50,"time":1758879146357,"pid":9432,"hostname":"LAPTOP-9LTRFM6V","msg":"POST / error: Insert blog unsuccessfully"}
{"level":50,"time":1758879186274,"pid":17164,"hostname":"LAPTOP-9LTRFM6V","msg":"POST / error: Insert blog unsuccessfully"}
{"level":50,"time":1758879205370,"pid":20032,"hostname":"LAPTOP-9LTRFM6V","msg":"POST / error: Insert blog unsuccessfully"}
{"level":50,"time":1758879266379,"pid":17768,"hostname":"LAPTOP-9LTRFM6V","msg":"POST / error: Insert blog unsuccessfully"}
{"level":50,"time":1758879402882,"pid":17768,"hostname":"LAPTOP-9LTRFM6V","msg":"POST / error: Insert blog unsuccessfully"}
{"level":50,"time":1758879405312,"pid":17768,"hostname":"LAPTOP-9LTRFM6V","msg":"POST / error: Insert blog unsuccessfully"}
{"level":50,"time":1758879419600,"pid":13156,"hostname":"LAPTOP-9LTRFM6V","msg":"POST / error: Insert blog unsuccessfully"}
{"level":50,"time":1758879471934,"pid":13156,"hostname":"LAPTOP-9LTRFM6V","msg":"POST / error: Title already exists"}
{"level":50,"time":1758880455520,"pid":31016,"hostname":"LAPTOP-9LTRFM6V","msg":"POST / error: Title already exists"}
{"level":50,"time":1758946682348,"pid":5024,"hostname":"LAPTOP-9LTRFM6V","msg":"POST / error: Title already exists"}
{"level":50,"time":1758948159366,"pid":16248,"hostname":"LAPTOP-9LTRFM6V","msg":"POST / error: Title already exists"}
{"level":50,"time":1758953686262,"pid":14068,"hostname":"LAPTOP-9LTRFM6V","msg":"POST / login error: Password does not match"}
{"level":50,"time":1758953711685,"pid":14068,"hostname":"LAPTOP-9LTRFM6V","msg":"POST / login error: Password does not match"}
{"level":50,"time":1758953724538,"pid":14068,"hostname":"LAPTOP-9LTRFM6V","msg":"POST / login error: Password does not match"}
{"level":50,"time":1758953729866,"pid":14068,"hostname":"LAPTOP-9LTRFM6V","msg":"POST / login error: Password does not match"}
{"level":50,"time":1758954402931,"pid":21128,"hostname":"LAPTOP-9LTRFM6V","msg":"PATCH /:id error: imageFile is not defined"}
{"level":50,"time":1758954429139,"pid":9332,"hostname":"LAPTOP-9LTRFM6V","msg":"PATCH /:id error: imageFile is not defined"}
{"level":50,"time":1758955548362,"pid":14980,"hostname":"LAPTOP-9LTRFM6V","msg":"POST / error: Title already exists"}
